# JRE version: OpenJDK Runtime Environment (8.0_242-b01) (build 1.8.0_242-release-1644-b01)
# Java VM: OpenJDK 64-Bit Server VM (25.242-b01 mixed mode windows-amd64 compressed oops)
Heap:
 PSYoungGen      total 465920K, used 102906K [0x00000000d5580000, 0x0000000100000000, 0x0000000100000000)
  eden space 363008K, 0% used [0x00000000d5580000,0x00000000d5580000,0x00000000eb800000)
  from space 102912K, 99% used [0x00000000f9b80000,0x00000000ffffe8c8,0x0000000100000000)
  to   space 167936K, 0% used [0x00000000eb800000,0x00000000eb800000,0x00000000f5c00000)
 ParOldGen       total 294400K, used 274069K [0x0000000080000000, 0x0000000091f80000, 0x00000000d5580000)
  object space 294400K, 93% used [0x0000000080000000,0x0000000090ba5530,0x0000000091f80000)
 Metaspace       used 98871K, capacity 107424K, committed 107672K, reserved 1142784K
  class space    used 12817K, capacity 14182K, committed 14240K, reserved 1048576K
GC Heap History (10 events):
Event: 3634.430 GC heap after
Heap after GC invocations=42 (full 6):
 PSYoungGen      total 600064K, used 23875K [0x00000000d5580000, 0x00000000ff580000, 0x0000000100000000)
  eden space 515072K, 0% used [0x00000000d5580000,0x00000000d5580000,0x00000000f4c80000)
  from space 84992K, 28% used [0x00000000fa280000,0x00000000fb9d0de0,0x00000000ff580000)
  to   space 86528K, 0% used [0x00000000f4c80000,0x00000000f4c80000,0x00000000fa100000)
 ParOldGen       total 294400K, used 158183K [0x0000000080000000, 0x0000000091f80000, 0x00000000d5580000)
  object space 294400K, 53% used [0x0000000080000000,0x0000000089a79f30,0x0000000091f80000)
 Metaspace       used 98410K, capacity 107014K, committed 107160K, reserved 1142784K
  class space    used 12809K, capacity 14171K, committed 14240K, reserved 1048576K
}
Event: 3756.850 GC heap before
{Heap before GC invocations=43 (full 6):
 PSYoungGen      total 600064K, used 538947K [0x00000000d5580000, 0x00000000ff580000, 0x0000000100000000)
  eden space 515072K, 100% used [0x00000000d5580000,0x00000000f4c80000,0x00000000f4c80000)
  from space 84992K, 28% used [0x00000000fa280000,0x00000000fb9d0de0,0x00000000ff580000)
  to   space 86528K, 0% used [0x00000000f4c80000,0x00000000f4c80000,0x00000000fa100000)
 ParOldGen       total 294400K, used 158183K [0x0000000080000000, 0x0000000091f80000, 0x00000000d5580000)
  object space 294400K, 53% used [0x0000000080000000,0x0000000089a79f30,0x0000000091f80000)
 Metaspace       used 98586K, capacity 107216K, committed 107416K, reserved 1142784K
  class space    used 12815K, capacity 14182K, committed 14240K, reserved 1048576K
Event: 3757.380 GC heap after
Heap after GC invocations=43 (full 6):
 PSYoungGen      total 601600K, used 24193K [0x00000000d5580000, 0x00000000ffa80000, 0x0000000100000000)
  eden space 515072K, 0% used [0x00000000d5580000,0x00000000d5580000,0x00000000f4c80000)
  from space 86528K, 27% used [0x00000000f4c80000,0x00000000f6420608,0x00000000fa100000)
  to   space 82944K, 0% used [0x00000000fa980000,0x00000000fa980000,0x00000000ffa80000)
 ParOldGen       total 294400K, used 158183K [0x0000000080000000, 0x0000000091f80000, 0x00000000d5580000)
  object space 294400K, 53% used [0x0000000080000000,0x0000000089a79f30,0x0000000091f80000)
 Metaspace       used 98586K, capacity 107216K, committed 107416K, reserved 1142784K
  class space    used 12815K, capacity 14182K, committed 14240K, reserved 1048576K
}
Event: 3814.165 GC heap before
{Heap before GC invocations=44 (full 6):
 PSYoungGen      total 601600K, used 539265K [0x00000000d5580000, 0x00000000ffa80000, 0x0000000100000000)
  eden space 515072K, 100% used [0x00000000d5580000,0x00000000f4c80000,0x00000000f4c80000)
  from space 86528K, 27% used [0x00000000f4c80000,0x00000000f6420608,0x00000000fa100000)
  to   space 82944K, 0% used [0x00000000fa980000,0x00000000fa980000,0x00000000ffa80000)
 ParOldGen       total 294400K, used 158183K [0x0000000080000000, 0x0000000091f80000, 0x00000000d5580000)
  object space 294400K, 53% used [0x0000000080000000,0x0000000089a79f30,0x0000000091f80000)
 Metaspace       used 98676K, capacity 107288K, committed 107416K, reserved 1142784K
  class space    used 12816K, capacity 14182K, committed 14240K, reserved 1048576K
Event: 3814.860 GC heap after
Heap after GC invocations=44 (full 6):
 PSYoungGen      total 576000K, used 82922K [0x00000000d5580000, 0x0000000100000000, 0x0000000100000000)
  eden space 493056K, 0% used [0x00000000d5580000,0x00000000d5580000,0x00000000f3700000)
  from space 82944K, 99% used [0x00000000fa980000,0x00000000ffa7a940,0x00000000ffa80000)
  to   space 102912K, 0% used [0x00000000f3700000,0x00000000f3700000,0x00000000f9b80000)
 ParOldGen       total 294400K, used 176070K [0x0000000080000000, 0x0000000091f80000, 0x00000000d5580000)
  object space 294400K, 59% used [0x0000000080000000,0x000000008abf1af0,0x0000000091f80000)
 Metaspace       used 98676K, capacity 107288K, committed 107416K, reserved 1142784K
  class space    used 12816K, capacity 14182K, committed 14240K, reserved 1048576K
}
Event: 3929.312 GC heap before
{Heap before GC invocations=45 (full 6):
 PSYoungGen      total 576000K, used 575978K [0x00000000d5580000, 0x0000000100000000, 0x0000000100000000)
  eden space 493056K, 100% used [0x00000000d5580000,0x00000000f3700000,0x00000000f3700000)
  from space 82944K, 99% used [0x00000000fa980000,0x00000000ffa7a940,0x00000000ffa80000)
  to   space 102912K, 0% used [0x00000000f3700000,0x00000000f3700000,0x00000000f9b80000)
 ParOldGen       total 294400K, used 176070K [0x0000000080000000, 0x0000000091f80000, 0x00000000d5580000)
  object space 294400K, 59% used [0x0000000080000000,0x000000008abf1af0,0x0000000091f80000)
 Metaspace       used 98808K, capacity 107420K, committed 107672K, reserved 1142784K
  class space    used 12817K, capacity 14182K, committed 14240K, reserved 1048576K
Event: 3930.385 GC heap after
Heap after GC invocations=45 (full 6):
 PSYoungGen      total 595968K, used 102908K [0x00000000d5580000, 0x0000000100000000, 0x0000000100000000)
  eden space 493056K, 0% used [0x00000000d5580000,0x00000000d5580000,0x00000000f3700000)
  from space 102912K, 99% used [0x00000000f3700000,0x00000000f9b7f348,0x00000000f9b80000)
  to   space 102912K, 0% used [0x00000000f9b80000,0x00000000f9b80000,0x0000000100000000)
 ParOldGen       total 294400K, used 212382K [0x0000000080000000, 0x0000000091f80000, 0x00000000d5580000)
  object space 294400K, 72% used [0x0000000080000000,0x000000008cf67a00,0x0000000091f80000)
 Metaspace       used 98808K, capacity 107420K, committed 107672K, reserved 1142784K
  class space    used 12817K, capacity 14182K, committed 14240K, reserved 1048576K
}
Event: 3985.772 GC heap before
{Heap before GC invocations=46 (full 6):
 PSYoungGen      total 595968K, used 595661K [0x00000000d5580000, 0x0000000100000000, 0x0000000100000000)
  eden space 493056K, 99% used [0x00000000d5580000,0x00000000f36b40d0,0x00000000f3700000)
  from space 102912K, 99% used [0x00000000f3700000,0x00000000f9b7f348,0x00000000f9b80000)
  to   space 102912K, 0% used [0x00000000f9b80000,0x00000000f9b80000,0x0000000100000000)
 ParOldGen       total 294400K, used 212382K [0x0000000080000000, 0x0000000091f80000, 0x00000000d5580000)
  object space 294400K, 72% used [0x0000000080000000,0x000000008cf67a00,0x0000000091f80000)
 Metaspace       used 98871K, capacity 107424K, committed 107672K, reserved 1142784K
  class space    used 12817K, capacity 14182K, committed 14240K, reserved 1048576K
Event: 3988.477 GC heap after
Heap after GC invocations=46 (full 6):
 PSYoungGen      total 465920K, used 102906K [0x00000000d5580000, 0x0000000100000000, 0x0000000100000000)
  eden space 363008K, 0% used [0x00000000d5580000,0x00000000d5580000,0x00000000eb800000)
  from space 102912K, 99% used [0x00000000f9b80000,0x00000000ffffe8c8,0x0000000100000000)
  to   space 167936K, 0% used [0x00000000eb800000,0x00000000eb800000,0x00000000f5c00000)
 ParOldGen       total 294400K, used 274069K [0x0000000080000000, 0x0000000091f80000, 0x00000000d5580000)
  object space 294400K, 93% used [0x0000000080000000,0x0000000090ba5530,0x0000000091f80000)
 Metaspace       used 98871K, capacity 107424K, committed 107672K, reserved 1142784K
  class space    used 12817K, capacity 14182K, committed 14240K, reserved 1048576K
}
Event: 3988.478 GC heap before
{Heap before GC invocations=47 (full 7):
 PSYoungGen      total 465920K, used 102906K [0x00000000d5580000, 0x0000000100000000, 0x0000000100000000)
  eden space 363008K, 0% used [0x00000000d5580000,0x00000000d5580000,0x00000000eb800000)
  from space 102912K, 99% used [0x00000000f9b80000,0x00000000ffffe8c8,0x0000000100000000)
  to   space 167936K, 0% used [0x00000000eb800000,0x00000000eb800000,0x00000000f5c00000)
 ParOldGen       total 294400K, used 274069K [0x0000000080000000, 0x0000000091f80000, 0x00000000d5580000)
  object space 294400K, 93% used [0x0000000080000000,0x0000000090ba5530,0x0000000091f80000)
 Metaspace       used 98871K, capacity 107424K, committed 107672K, reserved 1142784K
  class space    used 12817K, capacity 14182K, committed 14240K, reserved 1048576K

