# JRE version: OpenJDK Runtime Environment (8.0_242-b01) (build 1.8.0_242-release-1644-b01)
# Java VM: OpenJDK 64-Bit Server VM (25.242-b01 mixed mode windows-amd64 compressed oops)
Heap:
 PSYoungGen      total 538112K, used 94624K [0x00000000d5580000, 0x0000000100000000, 0x0000000100000000)
  eden space 385536K, 1% used [0x00000000d5580000,0x00000000d5a9dd50,0x00000000ece00000)
  from space 152576K, 58% used [0x00000000f6b00000,0x00000000fc24a2f8,0x0000000100000000)
  to   space 156672K, 0% used [0x00000000ece00000,0x00000000ece00000,0x00000000f6700000)
 ParOldGen       total 251904K, used 46364K [0x0000000080000000, 0x000000008f600000, 0x00000000d5580000)
  object space 251904K, 18% used [0x0000000080000000,0x0000000082d47130,0x000000008f600000)
 Metaspace       used 98127K, capacity 106590K, committed 106904K, reserved 1142784K
  class space    used 12604K, capacity 13933K, committed 14000K, reserved 1048576K
GC Heap History (10 events):
Event: 6736.871 GC heap before
{Heap before GC invocations=72 (full 6):
 PSYoungGen      total 388096K, used 388036K [0x00000000d5580000, 0x00000000fd880000, 0x0000000100000000)
  eden space 374784K, 100% used [0x00000000d5580000,0x00000000ec380000,0x00000000ec380000)
  from space 13312K, 99% used [0x00000000ed300000,0x00000000edff1160,0x00000000ee000000)
  to   space 141824K, 0% used [0x00000000f4e00000,0x00000000f4e00000,0x00000000fd880000)
 ParOldGen       total 251904K, used 46276K [0x0000000080000000, 0x000000008f600000, 0x00000000d5580000)
  object space 251904K, 18% used [0x0000000080000000,0x0000000082d31130,0x000000008f600000)
 Metaspace       used 98050K, capacity 106454K, committed 106648K, reserved 1142784K
  class space    used 12604K, capacity 13933K, committed 14000K, reserved 1048576K
Event: 6737.304 GC heap after
Heap after GC invocations=72 (full 6):
 PSYoungGen      total 507904K, used 95665K [0x00000000d5580000, 0x0000000100000000, 0x0000000100000000)
  eden space 366080K, 0% used [0x00000000d5580000,0x00000000d5580000,0x00000000ebb00000)
  from space 141824K, 67% used [0x00000000f4e00000,0x00000000fab6c568,0x00000000fd880000)
  to   space 150528K, 0% used [0x00000000ebb00000,0x00000000ebb00000,0x00000000f4e00000)
 ParOldGen       total 251904K, used 46300K [0x0000000080000000, 0x000000008f600000, 0x00000000d5580000)
  object space 251904K, 18% used [0x0000000080000000,0x0000000082d37130,0x000000008f600000)
 Metaspace       used 98050K, capacity 106454K, committed 106648K, reserved 1142784K
  class space    used 12604K, capacity 13933K, committed 14000K, reserved 1048576K
}
Event: 6942.353 GC heap before
{Heap before GC invocations=73 (full 6):
 PSYoungGen      total 507904K, used 461745K [0x00000000d5580000, 0x0000000100000000, 0x0000000100000000)
  eden space 366080K, 100% used [0x00000000d5580000,0x00000000ebb00000,0x00000000ebb00000)
  from space 141824K, 67% used [0x00000000f4e00000,0x00000000fab6c568,0x00000000fd880000)
  to   space 150528K, 0% used [0x00000000ebb00000,0x00000000ebb00000,0x00000000f4e00000)
 ParOldGen       total 251904K, used 46300K [0x0000000080000000, 0x000000008f600000, 0x00000000d5580000)
  object space 251904K, 18% used [0x0000000080000000,0x0000000082d37130,0x000000008f600000)
 Metaspace       used 98086K, capacity 106518K, committed 106904K, reserved 1142784K
  class space    used 12604K, capacity 13933K, committed 14000K, reserved 1048576K
Event: 6942.438 GC heap after
Heap after GC invocations=73 (full 6):
 PSYoungGen      total 516608K, used 21759K [0x00000000d5580000, 0x00000000ffa80000, 0x0000000100000000)
  eden space 366080K, 0% used [0x00000000d5580000,0x00000000d5580000,0x00000000ebb00000)
  from space 150528K, 14% used [0x00000000ebb00000,0x00000000ed03fe28,0x00000000f4e00000)
  to   space 145920K, 0% used [0x00000000f6c00000,0x00000000f6c00000,0x00000000ffa80000)
 ParOldGen       total 251904K, used 46324K [0x0000000080000000, 0x000000008f600000, 0x00000000d5580000)
  object space 251904K, 18% used [0x0000000080000000,0x0000000082d3d130,0x000000008f600000)
 Metaspace       used 98086K, capacity 106518K, committed 106904K, reserved 1142784K
  class space    used 12604K, capacity 13933K, committed 14000K, reserved 1048576K
}
Event: 7000.220 GC heap before
{Heap before GC invocations=74 (full 6):
 PSYoungGen      total 516608K, used 387839K [0x00000000d5580000, 0x00000000ffa80000, 0x0000000100000000)
  eden space 366080K, 100% used [0x00000000d5580000,0x00000000ebb00000,0x00000000ebb00000)
  from space 150528K, 14% used [0x00000000ebb00000,0x00000000ed03fe28,0x00000000f4e00000)
  to   space 145920K, 0% used [0x00000000f6c00000,0x00000000f6c00000,0x00000000ffa80000)
 ParOldGen       total 251904K, used 46324K [0x0000000080000000, 0x000000008f600000, 0x00000000d5580000)
  object space 251904K, 18% used [0x0000000080000000,0x0000000082d3d130,0x000000008f600000)
 Metaspace       used 98098K, capacity 106582K, committed 106904K, reserved 1142784K
  class space    used 12604K, capacity 13933K, committed 14000K, reserved 1048576K
Event: 7000.237 GC heap after
Heap after GC invocations=74 (full 6):
 PSYoungGen      total 529920K, used 11828K [0x00000000d5580000, 0x00000000fee80000, 0x0000000100000000)
  eden space 396288K, 0% used [0x00000000d5580000,0x00000000d5580000,0x00000000ed880000)
  from space 133632K, 8% used [0x00000000f6c00000,0x00000000f778d2a0,0x00000000fee80000)
  to   space 142336K, 0% used [0x00000000ed880000,0x00000000ed880000,0x00000000f6380000)
 ParOldGen       total 251904K, used 46348K [0x0000000080000000, 0x000000008f600000, 0x00000000d5580000)
  object space 251904K, 18% used [0x0000000080000000,0x0000000082d43130,0x000000008f600000)
 Metaspace       used 98098K, capacity 106582K, committed 106904K, reserved 1142784K
  class space    used 12604K, capacity 13933K, committed 14000K, reserved 1048576K
}
Event: 7005.084 GC heap before
{Heap before GC invocations=75 (full 6):
 PSYoungGen      total 529920K, used 408116K [0x00000000d5580000, 0x00000000fee80000, 0x0000000100000000)
  eden space 396288K, 100% used [0x00000000d5580000,0x00000000ed880000,0x00000000ed880000)
  from space 133632K, 8% used [0x00000000f6c00000,0x00000000f778d2a0,0x00000000fee80000)
  to   space 142336K, 0% used [0x00000000ed880000,0x00000000ed880000,0x00000000f6380000)
 ParOldGen       total 251904K, used 46348K [0x0000000080000000, 0x000000008f600000, 0x00000000d5580000)
  object space 251904K, 18% used [0x0000000080000000,0x0000000082d43130,0x000000008f600000)
 Metaspace       used 98106K, capacity 106582K, committed 106904K, reserved 1142784K
  class space    used 12604K, capacity 13933K, committed 14000K, reserved 1048576K
Event: 7005.696 GC heap after
Heap after GC invocations=75 (full 6):
 PSYoungGen      total 538624K, used 98688K [0x00000000d5580000, 0x0000000100000000, 0x0000000100000000)
  eden space 396288K, 0% used [0x00000000d5580000,0x00000000d5580000,0x00000000ed880000)
  from space 142336K, 69% used [0x00000000ed880000,0x00000000f38e03b0,0x00000000f6380000)
  to   space 152576K, 0% used [0x00000000f6b00000,0x00000000f6b00000,0x0000000100000000)
 ParOldGen       total 251904K, used 46348K [0x0000000080000000, 0x000000008f600000, 0x00000000d5580000)
  object space 251904K, 18% used [0x0000000080000000,0x0000000082d43130,0x000000008f600000)
 Metaspace       used 98106K, capacity 106582K, committed 106904K, reserved 1142784K
  class space    used 12604K, capacity 13933K, committed 14000K, reserved 1048576K
}
Event: 7226.091 GC heap before
{Heap before GC invocations=76 (full 6):
 PSYoungGen      total 538624K, used 494641K [0x00000000d5580000, 0x0000000100000000, 0x0000000100000000)
  eden space 396288K, 99% used [0x00000000d5580000,0x00000000ed82c240,0x00000000ed880000)
  from space 142336K, 69% used [0x00000000ed880000,0x00000000f38e03b0,0x00000000f6380000)
  to   space 152576K, 0% used [0x00000000f6b00000,0x00000000f6b00000,0x0000000100000000)
 ParOldGen       total 251904K, used 46348K [0x0000000080000000, 0x000000008f600000, 0x00000000d5580000)
  object space 251904K, 18% used [0x0000000080000000,0x0000000082d43130,0x000000008f600000)
 Metaspace       used 98127K, capacity 106590K, committed 106904K, reserved 1142784K
  class space    used 12604K, capacity 13933K, committed 14000K, reserved 1048576K
Event: 7226.931 GC heap after
Heap after GC invocations=76 (full 6):
 PSYoungGen      total 538112K, used 89384K [0x00000000d5580000, 0x0000000100000000, 0x0000000100000000)
  eden space 385536K, 0% used [0x00000000d5580000,0x00000000d5580000,0x00000000ece00000)
  from space 152576K, 58% used [0x00000000f6b00000,0x00000000fc24a2f8,0x0000000100000000)
  to   space 156672K, 0% used [0x00000000ece00000,0x00000000ece00000,0x00000000f6700000)
 ParOldGen       total 251904K, used 46364K [0x0000000080000000, 0x000000008f600000, 0x00000000d5580000)
  object space 251904K, 18% used [0x0000000080000000,0x0000000082d47130,0x000000008f600000)
 Metaspace       used 98127K, capacity 106590K, committed 106904K, reserved 1142784K
  class space    used 12604K, capacity 13933K, committed 14000K, reserved 1048576K
}

