# JRE version: OpenJDK Runtime Environment (8.0_242-b01) (build 1.8.0_242-release-1644-b01)
# Java VM: OpenJDK 64-Bit Server VM (25.242-b01 mixed mode windows-amd64 compressed oops)
Heap:
 PSYoungGen      total 195584K, used 96481K [0x00000000d5580000, 0x00000000e6100000, 0x0000000100000000)
  eden space 182784K, 45% used [0x00000000d5580000,0x00000000da73c340,0x00000000e0800000)
  from space 12800K, 99% used [0x00000000e0800000,0x00000000e147c470,0x00000000e1480000)
  to   space 15360K, 0% used [0x00000000e5200000,0x00000000e5200000,0x00000000e6100000)
 ParOldGen       total 49664K, used 17882K [0x0000000080000000, 0x0000000083080000, 0x00000000d5580000)
  object space 49664K, 36% used [0x0000000080000000,0x0000000081176b10,0x0000000083080000)
 Metaspace       used 51887K, capacity 54100K, committed 54232K, reserved 1095680K
  class space    used 6894K, capacity 7357K, committed 7424K, reserved 1048576K
GC Heap History (10 events):
Event: 6.468 GC heap before
{Heap before GC invocations=9 (full 1):
 PSYoungGen      total 136704K, used 4009K [0x00000000d5580000, 0x00000000de480000, 0x0000000100000000)
  eden space 128000K, 0% used [0x00000000d5580000,0x00000000d5580000,0x00000000dd280000)
  from space 8704K, 46% used [0x00000000ddc00000,0x00000000ddfea4e8,0x00000000de480000)
  to   space 9216K, 0% used [0x00000000dd280000,0x00000000dd280000,0x00000000ddb80000)
 ParOldGen       total 44032K, used 8475K [0x0000000080000000, 0x0000000082b00000, 0x00000000d5580000)
  object space 44032K, 19% used [0x0000000080000000,0x0000000080846e10,0x0000000082b00000)
 Metaspace       used 20488K, capacity 21154K, committed 21248K, reserved 1067008K
  class space    used 2856K, capacity 3035K, committed 3072K, reserved 1048576K
Event: 6.527 GC heap after
Heap after GC invocations=9 (full 1):
 PSYoungGen      total 136704K, used 0K [0x00000000d5580000, 0x00000000de480000, 0x0000000100000000)
  eden space 128000K, 0% used [0x00000000d5580000,0x00000000d5580000,0x00000000dd280000)
  from space 8704K, 0% used [0x00000000ddc00000,0x00000000ddc00000,0x00000000de480000)
  to   space 9216K, 0% used [0x00000000dd280000,0x00000000dd280000,0x00000000ddb80000)
 ParOldGen       total 31744K, used 6966K [0x0000000080000000, 0x0000000081f00000, 0x00000000d5580000)
  object space 31744K, 21% used [0x0000000080000000,0x00000000806cd858,0x0000000081f00000)
 Metaspace       used 20488K, capacity 21154K, committed 21248K, reserved 1067008K
  class space    used 2856K, capacity 3035K, committed 3072K, reserved 1048576K
}
Event: 9.044 GC heap before
{Heap before GC invocations=10 (full 1):
 PSYoungGen      total 136704K, used 128000K [0x00000000d5580000, 0x00000000de480000, 0x0000000100000000)
  eden space 128000K, 100% used [0x00000000d5580000,0x00000000dd280000,0x00000000dd280000)
  from space 8704K, 0% used [0x00000000ddc00000,0x00000000ddc00000,0x00000000de480000)
  to   space 9216K, 0% used [0x00000000dd280000,0x00000000dd280000,0x00000000ddb80000)
 ParOldGen       total 31744K, used 6966K [0x0000000080000000, 0x0000000081f00000, 0x00000000d5580000)
  object space 31744K, 21% used [0x0000000080000000,0x00000000806cd858,0x0000000081f00000)
 Metaspace       used 32092K, capacity 33292K, committed 33408K, reserved 1077248K
  class space    used 4337K, capacity 4653K, committed 4736K, reserved 1048576K
Event: 9.098 GC heap after
Heap after GC invocations=10 (full 1):
 PSYoungGen      total 137216K, used 9208K [0x00000000d5580000, 0x00000000e2080000, 0x0000000100000000)
  eden space 128000K, 0% used [0x00000000d5580000,0x00000000d5580000,0x00000000dd280000)
  from space 9216K, 99% used [0x00000000dd280000,0x00000000ddb7e088,0x00000000ddb80000)
  to   space 11776K, 0% used [0x00000000e1500000,0x00000000e1500000,0x00000000e2080000)
 ParOldGen       total 31744K, used 10151K [0x0000000080000000, 0x0000000081f00000, 0x00000000d5580000)
  object space 31744K, 31% used [0x0000000080000000,0x00000000809e9e48,0x0000000081f00000)
 Metaspace       used 32092K, capacity 33292K, committed 33408K, reserved 1077248K
  class space    used 4337K, capacity 4653K, committed 4736K, reserved 1048576K
}
Event: 10.222 GC heap before
{Heap before GC invocations=11 (full 1):
 PSYoungGen      total 137216K, used 54787K [0x00000000d5580000, 0x00000000e2080000, 0x0000000100000000)
  eden space 128000K, 35% used [0x00000000d5580000,0x00000000d8202d50,0x00000000dd280000)
  from space 9216K, 99% used [0x00000000dd280000,0x00000000ddb7e088,0x00000000ddb80000)
  to   space 11776K, 0% used [0x00000000e1500000,0x00000000e1500000,0x00000000e2080000)
 ParOldGen       total 31744K, used 10151K [0x0000000080000000, 0x0000000081f00000, 0x00000000d5580000)
  object space 31744K, 31% used [0x0000000080000000,0x00000000809e9e48,0x0000000081f00000)
 Metaspace       used 34002K, capacity 35306K, committed 35416K, reserved 1079296K
  class space    used 4597K, capacity 4943K, committed 4992K, reserved 1048576K
Event: 10.239 GC heap after
Heap after GC invocations=11 (full 1):
 PSYoungGen      total 194560K, used 8688K [0x00000000d5580000, 0x00000000e2100000, 0x0000000100000000)
  eden space 182784K, 0% used [0x00000000d5580000,0x00000000d5580000,0x00000000e0800000)
  from space 11776K, 73% used [0x00000000e1500000,0x00000000e1d7c2b0,0x00000000e2080000)
  to   space 12800K, 0% used [0x00000000e0800000,0x00000000e0800000,0x00000000e1480000)
 ParOldGen       total 31744K, used 10159K [0x0000000080000000, 0x0000000081f00000, 0x00000000d5580000)
  object space 31744K, 32% used [0x0000000080000000,0x00000000809ebe48,0x0000000081f00000)
 Metaspace       used 34002K, capacity 35306K, committed 35416K, reserved 1079296K
  class space    used 4597K, capacity 4943K, committed 4992K, reserved 1048576K
}
Event: 10.240 GC heap before
{Heap before GC invocations=12 (full 2):
 PSYoungGen      total 194560K, used 8688K [0x00000000d5580000, 0x00000000e2100000, 0x0000000100000000)
  eden space 182784K, 0% used [0x00000000d5580000,0x00000000d5580000,0x00000000e0800000)
  from space 11776K, 73% used [0x00000000e1500000,0x00000000e1d7c2b0,0x00000000e2080000)
  to   space 12800K, 0% used [0x00000000e0800000,0x00000000e0800000,0x00000000e1480000)
 ParOldGen       total 31744K, used 10159K [0x0000000080000000, 0x0000000081f00000, 0x00000000d5580000)
  object space 31744K, 32% used [0x0000000080000000,0x00000000809ebe48,0x0000000081f00000)
 Metaspace       used 34002K, capacity 35306K, committed 35416K, reserved 1079296K
  class space    used 4597K, capacity 4943K, committed 4992K, reserved 1048576K
Event: 10.329 GC heap after
Heap after GC invocations=12 (full 2):
 PSYoungGen      total 194560K, used 0K [0x00000000d5580000, 0x00000000e2100000, 0x0000000100000000)
  eden space 182784K, 0% used [0x00000000d5580000,0x00000000d5580000,0x00000000e0800000)
  from space 11776K, 0% used [0x00000000e1500000,0x00000000e1500000,0x00000000e2080000)
  to   space 12800K, 0% used [0x00000000e0800000,0x00000000e0800000,0x00000000e1480000)
 ParOldGen       total 49664K, used 15172K [0x0000000080000000, 0x0000000083080000, 0x00000000d5580000)
  object space 49664K, 30% used [0x0000000080000000,0x0000000080ed1270,0x0000000083080000)
 Metaspace       used 34002K, capacity 35306K, committed 35416K, reserved 1079296K
  class space    used 4597K, capacity 4943K, committed 4992K, reserved 1048576K
}
Event: 14.149 GC heap before
{Heap before GC invocations=13 (full 2):
 PSYoungGen      total 194560K, used 182784K [0x00000000d5580000, 0x00000000e2100000, 0x0000000100000000)
  eden space 182784K, 100% used [0x00000000d5580000,0x00000000e0800000,0x00000000e0800000)
  from space 11776K, 0% used [0x00000000e1500000,0x00000000e1500000,0x00000000e2080000)
  to   space 12800K, 0% used [0x00000000e0800000,0x00000000e0800000,0x00000000e1480000)
 ParOldGen       total 49664K, used 15172K [0x0000000080000000, 0x0000000083080000, 0x00000000d5580000)
  object space 49664K, 30% used [0x0000000080000000,0x0000000080ed1270,0x0000000083080000)
 Metaspace       used 43563K, capacity 45624K, committed 45784K, reserved 1089536K
  class space    used 5881K, capacity 6273K, committed 6400K, reserved 1048576K
Event: 14.194 GC heap after
Heap after GC invocations=13 (full 2):
 PSYoungGen      total 195584K, used 12785K [0x00000000d5580000, 0x00000000e6100000, 0x0000000100000000)
  eden space 182784K, 0% used [0x00000000d5580000,0x00000000d5580000,0x00000000e0800000)
  from space 12800K, 99% used [0x00000000e0800000,0x00000000e147c470,0x00000000e1480000)
  to   space 15360K, 0% used [0x00000000e5200000,0x00000000e5200000,0x00000000e6100000)
 ParOldGen       total 49664K, used 17882K [0x0000000080000000, 0x0000000083080000, 0x00000000d5580000)
  object space 49664K, 36% used [0x0000000080000000,0x0000000081176b10,0x0000000083080000)
 Metaspace       used 43563K, capacity 45624K, committed 45784K, reserved 1089536K
  class space    used 5881K, capacity 6273K, committed 6400K, reserved 1048576K
}

