# JRE version: OpenJDK Runtime Environment (8.0_242-b01) (build 1.8.0_242-release-1644-b01)
# Java VM: OpenJDK 64-Bit Server VM (25.242-b01 mixed mode windows-amd64 compressed oops)
Heap:
 PSYoungGen      total 551936K, used 59880K [0x00000000d5580000, 0x00000000fdd00000, 0x0000000100000000)
  eden space 492032K, 0% used [0x00000000d5580000,0x00000000d5580000,0x00000000f3600000)
  from space 59904K, 99% used [0x00000000f8500000,0x00000000fbf7a0d8,0x00000000fbf80000)
  to   space 80896K, 0% used [0x00000000f3600000,0x00000000f3600000,0x00000000f8500000)
 ParOldGen       total 196096K, used 184475K [0x0000000080000000, 0x000000008bf80000, 0x00000000d5580000)
  object space 196096K, 94% used [0x0000000080000000,0x000000008b426f18,0x000000008bf80000)
 Metaspace       used 92779K, capacity 97718K, committed 97944K, reserved 1134592K
  class space    used 12295K, capacity 13215K, committed 13232K, reserved 1048576K
GC Heap History (10 events):
Event: 65.191 GC heap after
Heap after GC invocations=20 (full 4):
 PSYoungGen      total 427520K, used 40361K [0x00000000d5580000, 0x00000000f3f00000, 0x0000000100000000)
  eden space 372224K, 0% used [0x00000000d5580000,0x00000000d5580000,0x00000000ec100000)
  from space 55296K, 72% used [0x00000000f0900000,0x00000000f306a7f8,0x00000000f3f00000)
  to   space 64512K, 0% used [0x00000000ec100000,0x00000000ec100000,0x00000000f0000000)
 ParOldGen       total 196096K, used 119911K [0x0000000080000000, 0x000000008bf80000, 0x00000000d5580000)
  object space 196096K, 61% used [0x0000000080000000,0x0000000087519c70,0x000000008bf80000)
 Metaspace       used 84396K, capacity 88648K, committed 88856K, reserved 1126400K
  class space    used 11677K, capacity 12482K, committed 12592K, reserved 1048576K
}
Event: 705.009 GC heap before
{Heap before GC invocations=21 (full 4):
 PSYoungGen      total 427520K, used 412585K [0x00000000d5580000, 0x00000000f3f00000, 0x0000000100000000)
  eden space 372224K, 100% used [0x00000000d5580000,0x00000000ec100000,0x00000000ec100000)
  from space 55296K, 72% used [0x00000000f0900000,0x00000000f306a7f8,0x00000000f3f00000)
  to   space 64512K, 0% used [0x00000000ec100000,0x00000000ec100000,0x00000000f0000000)
 ParOldGen       total 196096K, used 119911K [0x0000000080000000, 0x000000008bf80000, 0x00000000d5580000)
  object space 196096K, 61% used [0x0000000080000000,0x0000000087519c70,0x000000008bf80000)
 Metaspace       used 91366K, capacity 95920K, committed 96024K, reserved 1132544K
  class space    used 12223K, capacity 13080K, committed 13104K, reserved 1048576K
Event: 707.079 GC heap after
Heap after GC invocations=21 (full 4):
 PSYoungGen      total 436736K, used 38051K [0x00000000d5580000, 0x00000000f8d00000, 0x0000000100000000)
  eden space 372224K, 0% used [0x00000000d5580000,0x00000000d5580000,0x00000000ec100000)
  from space 64512K, 58% used [0x00000000ec100000,0x00000000ee628cf0,0x00000000f0000000)
  to   space 66048K, 0% used [0x00000000f4c80000,0x00000000f4c80000,0x00000000f8d00000)
 ParOldGen       total 196096K, used 151532K [0x0000000080000000, 0x000000008bf80000, 0x00000000d5580000)
  object space 196096K, 77% used [0x0000000080000000,0x00000000893fb228,0x000000008bf80000)
 Metaspace       used 91366K, capacity 95920K, committed 96024K, reserved 1132544K
  class space    used 12223K, capacity 13080K, committed 13104K, reserved 1048576K
}
Event: 829.281 GC heap before
{Heap before GC invocations=22 (full 4):
 PSYoungGen      total 436736K, used 410275K [0x00000000d5580000, 0x00000000f8d00000, 0x0000000100000000)
  eden space 372224K, 100% used [0x00000000d5580000,0x00000000ec100000,0x00000000ec100000)
  from space 64512K, 58% used [0x00000000ec100000,0x00000000ee628cf0,0x00000000f0000000)
  to   space 66048K, 0% used [0x00000000f4c80000,0x00000000f4c80000,0x00000000f8d00000)
 ParOldGen       total 196096K, used 151532K [0x0000000080000000, 0x000000008bf80000, 0x00000000d5580000)
  object space 196096K, 77% used [0x0000000080000000,0x00000000893fb228,0x000000008bf80000)
 Metaspace       used 91878K, capacity 96446K, committed 96536K, reserved 1132544K
  class space    used 12249K, capacity 13101K, committed 13104K, reserved 1048576K
Event: 829.650 GC heap after
Heap after GC invocations=22 (full 4):
 PSYoungGen      total 489472K, used 12741K [0x00000000d5580000, 0x00000000f7e00000, 0x0000000100000000)
  eden space 438784K, 0% used [0x00000000d5580000,0x00000000d5580000,0x00000000f0200000)
  from space 50688K, 25% used [0x00000000f4c80000,0x00000000f58f16b8,0x00000000f7e00000)
  to   space 63488K, 0% used [0x00000000f0200000,0x00000000f0200000,0x00000000f4000000)
 ParOldGen       total 196096K, used 155052K [0x0000000080000000, 0x000000008bf80000, 0x00000000d5580000)
  object space 196096K, 79% used [0x0000000080000000,0x000000008976b0e8,0x000000008bf80000)
 Metaspace       used 91878K, capacity 96446K, committed 96536K, reserved 1132544K
  class space    used 12249K, capacity 13101K, committed 13104K, reserved 1048576K
}
Event: 838.489 GC heap before
{Heap before GC invocations=23 (full 4):
 PSYoungGen      total 489472K, used 450902K [0x00000000d5580000, 0x00000000f7e00000, 0x0000000100000000)
  eden space 438784K, 99% used [0x00000000d5580000,0x00000000f01644d0,0x00000000f0200000)
  from space 50688K, 25% used [0x00000000f4c80000,0x00000000f58f16b8,0x00000000f7e00000)
  to   space 63488K, 0% used [0x00000000f0200000,0x00000000f0200000,0x00000000f4000000)
 ParOldGen       total 196096K, used 155052K [0x0000000080000000, 0x000000008bf80000, 0x00000000d5580000)
  object space 196096K, 79% used [0x0000000080000000,0x000000008976b0e8,0x000000008bf80000)
 Metaspace       used 92159K, capacity 96780K, committed 96920K, reserved 1132544K
  class space    used 12260K, capacity 13120K, committed 13232K, reserved 1048576K
Event: 838.704 GC heap after
Heap after GC invocations=23 (full 4):
 PSYoungGen      total 502272K, used 21511K [0x00000000d5580000, 0x00000000fbf80000, 0x0000000100000000)
  eden space 438784K, 0% used [0x00000000d5580000,0x00000000d5580000,0x00000000f0200000)
  from space 63488K, 33% used [0x00000000f0200000,0x00000000f1701eb0,0x00000000f4000000)
  to   space 59904K, 0% used [0x00000000f8500000,0x00000000f8500000,0x00000000fbf80000)
 ParOldGen       total 196096K, used 155060K [0x0000000080000000, 0x000000008bf80000, 0x00000000d5580000)
  object space 196096K, 79% used [0x0000000080000000,0x000000008976d0e8,0x000000008bf80000)
 Metaspace       used 92159K, capacity 96780K, committed 96920K, reserved 1132544K
  class space    used 12260K, capacity 13120K, committed 13232K, reserved 1048576K
}
Event: 1303.993 GC heap before
{Heap before GC invocations=24 (full 4):
 PSYoungGen      total 502272K, used 460129K [0x00000000d5580000, 0x00000000fbf80000, 0x0000000100000000)
  eden space 438784K, 99% used [0x00000000d5580000,0x00000000f01d66e8,0x00000000f0200000)
  from space 63488K, 33% used [0x00000000f0200000,0x00000000f1701eb0,0x00000000f4000000)
  to   space 59904K, 0% used [0x00000000f8500000,0x00000000f8500000,0x00000000fbf80000)
 ParOldGen       total 196096K, used 155060K [0x0000000080000000, 0x000000008bf80000, 0x00000000d5580000)
  object space 196096K, 79% used [0x0000000080000000,0x000000008976d0e8,0x000000008bf80000)
 Metaspace       used 92779K, capacity 97718K, committed 97944K, reserved 1134592K
  class space    used 12295K, capacity 13215K, committed 13232K, reserved 1048576K
Event: 1304.671 GC heap after
Heap after GC invocations=24 (full 4):
 PSYoungGen      total 551936K, used 59880K [0x00000000d5580000, 0x00000000fdd00000, 0x0000000100000000)
  eden space 492032K, 0% used [0x00000000d5580000,0x00000000d5580000,0x00000000f3600000)
  from space 59904K, 99% used [0x00000000f8500000,0x00000000fbf7a0d8,0x00000000fbf80000)
  to   space 80896K, 0% used [0x00000000f3600000,0x00000000f3600000,0x00000000f8500000)
 ParOldGen       total 196096K, used 184475K [0x0000000080000000, 0x000000008bf80000, 0x00000000d5580000)
  object space 196096K, 94% used [0x0000000080000000,0x000000008b426f18,0x000000008bf80000)
 Metaspace       used 92779K, capacity 97718K, committed 97944K, reserved 1134592K
  class space    used 12295K, capacity 13215K, committed 13232K, reserved 1048576K
}
Event: 1304.673 GC heap before
{Heap before GC invocations=25 (full 5):
 PSYoungGen      total 551936K, used 59880K [0x00000000d5580000, 0x00000000fdd00000, 0x0000000100000000)
  eden space 492032K, 0% used [0x00000000d5580000,0x00000000d5580000,0x00000000f3600000)
  from space 59904K, 99% used [0x00000000f8500000,0x00000000fbf7a0d8,0x00000000fbf80000)
  to   space 80896K, 0% used [0x00000000f3600000,0x00000000f3600000,0x00000000f8500000)
 ParOldGen       total 196096K, used 184475K [0x0000000080000000, 0x000000008bf80000, 0x00000000d5580000)
  object space 196096K, 94% used [0x0000000080000000,0x000000008b426f18,0x000000008bf80000)
 Metaspace       used 92779K, capacity 97718K, committed 97944K, reserved 1134592K
  class space    used 12295K, capacity 13215K, committed 13232K, reserved 1048576K

