# JRE version: OpenJDK Runtime Environment (8.0_242-b01) (build 1.8.0_242-release-1644-b01)
# Java VM: OpenJDK 64-Bit Server VM (25.242-b01 mixed mode windows-amd64 compressed oops)
Heap:
 PSYoungGen      total 199168K, used 177359K [0x00000000d5580000, 0x00000000e6700000, 0x0000000100000000)
  eden space 185856K, 88% used [0x00000000d5580000,0x00000000df644018,0x00000000e0b00000)
  from space 13312K, 95% used [0x00000000e0b00000,0x00000000e176fbf0,0x00000000e1800000)
  to   space 14848K, 63% used [0x00000000e5880000,0x00000000e61c32e0,0x00000000e6700000)
 ParOldGen       total 49664K, used 19821K [0x0000000080000000, 0x0000000083080000, 0x00000000d5580000)
  object space 49664K, 39% used [0x0000000080000000,0x000000008135b7c0,0x0000000083080000)
 Metaspace       used 56844K, capacity 59042K, committed 59160K, reserved 1099776K
  class space    used 7695K, capacity 8144K, committed 8224K, reserved 1048576K
GC Heap History (10 events):
Event: 5.276 GC heap after
Heap after GC invocations=9 (full 1):
 PSYoungGen      total 137728K, used 0K [0x00000000d5580000, 0x00000000de580000, 0x0000000100000000)
  eden space 129024K, 0% used [0x00000000d5580000,0x00000000d5580000,0x00000000dd380000)
  from space 8704K, 0% used [0x00000000ddd00000,0x00000000ddd00000,0x00000000de580000)
  to   space 9216K, 0% used [0x00000000dd380000,0x00000000dd380000,0x00000000ddc80000)
 ParOldGen       total 31744K, used 7057K [0x0000000080000000, 0x0000000081f00000, 0x00000000d5580000)
  object space 31744K, 22% used [0x0000000080000000,0x00000000806e4570,0x0000000081f00000)
 Metaspace       used 20566K, capacity 21224K, committed 21296K, reserved 1067008K
  class space    used 2873K, capacity 3076K, committed 3120K, reserved 1048576K
}
Event: 7.998 GC heap before
{Heap before GC invocations=10 (full 1):
 PSYoungGen      total 137728K, used 129024K [0x00000000d5580000, 0x00000000de580000, 0x0000000100000000)
  eden space 129024K, 100% used [0x00000000d5580000,0x00000000dd380000,0x00000000dd380000)
  from space 8704K, 0% used [0x00000000ddd00000,0x00000000ddd00000,0x00000000de580000)
  to   space 9216K, 0% used [0x00000000dd380000,0x00000000dd380000,0x00000000ddc80000)
 ParOldGen       total 31744K, used 7057K [0x0000000080000000, 0x0000000081f00000, 0x00000000d5580000)
  object space 31744K, 22% used [0x0000000080000000,0x00000000806e4570,0x0000000081f00000)
 Metaspace       used 32668K, capacity 33642K, committed 33712K, reserved 1079296K
  class space    used 4444K, capacity 4719K, committed 4784K, reserved 1048576K
Event: 8.078 GC heap after
Heap after GC invocations=10 (full 1):
 PSYoungGen      total 138240K, used 9193K [0x00000000d5580000, 0x00000000e2500000, 0x0000000100000000)
  eden space 129024K, 0% used [0x00000000d5580000,0x00000000d5580000,0x00000000dd380000)
  from space 9216K, 99% used [0x00000000dd380000,0x00000000ddc7a6d0,0x00000000ddc80000)
  to   space 12800K, 0% used [0x00000000e1880000,0x00000000e1880000,0x00000000e2500000)
 ParOldGen       total 31744K, used 12089K [0x0000000080000000, 0x0000000081f00000, 0x00000000d5580000)
  object space 31744K, 38% used [0x0000000080000000,0x0000000080bce738,0x0000000081f00000)
 Metaspace       used 32668K, capacity 33642K, committed 33712K, reserved 1079296K
  class space    used 4444K, capacity 4719K, committed 4784K, reserved 1048576K
}
Event: 8.893 GC heap before
{Heap before GC invocations=11 (full 1):
 PSYoungGen      total 138240K, used 45145K [0x00000000d5580000, 0x00000000e2500000, 0x0000000100000000)
  eden space 129024K, 27% used [0x00000000d5580000,0x00000000d789be70,0x00000000dd380000)
  from space 9216K, 99% used [0x00000000dd380000,0x00000000ddc7a6d0,0x00000000ddc80000)
  to   space 12800K, 0% used [0x00000000e1880000,0x00000000e1880000,0x00000000e2500000)
 ParOldGen       total 31744K, used 12089K [0x0000000080000000, 0x0000000081f00000, 0x00000000d5580000)
  object space 31744K, 38% used [0x0000000080000000,0x0000000080bce738,0x0000000081f00000)
 Metaspace       used 34275K, capacity 35412K, committed 35496K, reserved 1079296K
  class space    used 4711K, capacity 5001K, committed 5040K, reserved 1048576K
Event: 8.913 GC heap after
Heap after GC invocations=11 (full 1):
 PSYoungGen      total 198656K, used 8897K [0x00000000d5580000, 0x00000000e2500000, 0x0000000100000000)
  eden space 185856K, 0% used [0x00000000d5580000,0x00000000d5580000,0x00000000e0b00000)
  from space 12800K, 69% used [0x00000000e1880000,0x00000000e2130420,0x00000000e2500000)
  to   space 13312K, 0% used [0x00000000e0b00000,0x00000000e0b00000,0x00000000e1800000)
 ParOldGen       total 31744K, used 12097K [0x0000000080000000, 0x0000000081f00000, 0x00000000d5580000)
  object space 31744K, 38% used [0x0000000080000000,0x0000000080bd0738,0x0000000081f00000)
 Metaspace       used 34275K, capacity 35412K, committed 35496K, reserved 1079296K
  class space    used 4711K, capacity 5001K, committed 5040K, reserved 1048576K
}
Event: 8.914 GC heap before
{Heap before GC invocations=12 (full 2):
 PSYoungGen      total 198656K, used 8897K [0x00000000d5580000, 0x00000000e2500000, 0x0000000100000000)
  eden space 185856K, 0% used [0x00000000d5580000,0x00000000d5580000,0x00000000e0b00000)
  from space 12800K, 69% used [0x00000000e1880000,0x00000000e2130420,0x00000000e2500000)
  to   space 13312K, 0% used [0x00000000e0b00000,0x00000000e0b00000,0x00000000e1800000)
 ParOldGen       total 31744K, used 12097K [0x0000000080000000, 0x0000000081f00000, 0x00000000d5580000)
  object space 31744K, 38% used [0x0000000080000000,0x0000000080bd0738,0x0000000081f00000)
 Metaspace       used 34275K, capacity 35412K, committed 35496K, reserved 1079296K
  class space    used 4711K, capacity 5001K, committed 5040K, reserved 1048576K
Event: 9.006 GC heap after
Heap after GC invocations=12 (full 2):
 PSYoungGen      total 198656K, used 0K [0x00000000d5580000, 0x00000000e2500000, 0x0000000100000000)
  eden space 185856K, 0% used [0x00000000d5580000,0x00000000d5580000,0x00000000e0b00000)
  from space 12800K, 0% used [0x00000000e1880000,0x00000000e1880000,0x00000000e2500000)
  to   space 13312K, 0% used [0x00000000e0b00000,0x00000000e0b00000,0x00000000e1800000)
 ParOldGen       total 49664K, used 15348K [0x0000000080000000, 0x0000000083080000, 0x00000000d5580000)
  object space 49664K, 30% used [0x0000000080000000,0x0000000080efd010,0x0000000083080000)
 Metaspace       used 34275K, capacity 35412K, committed 35496K, reserved 1079296K
  class space    used 4711K, capacity 5001K, committed 5040K, reserved 1048576K
}
Event: 11.731 GC heap before
{Heap before GC invocations=13 (full 2):
 PSYoungGen      total 198656K, used 185856K [0x00000000d5580000, 0x00000000e2500000, 0x0000000100000000)
  eden space 185856K, 100% used [0x00000000d5580000,0x00000000e0b00000,0x00000000e0b00000)
  from space 12800K, 0% used [0x00000000e1880000,0x00000000e1880000,0x00000000e2500000)
  to   space 13312K, 0% used [0x00000000e0b00000,0x00000000e0b00000,0x00000000e1800000)
 ParOldGen       total 49664K, used 15348K [0x0000000080000000, 0x0000000083080000, 0x00000000d5580000)
  object space 49664K, 30% used [0x0000000080000000,0x0000000080efd010,0x0000000083080000)
 Metaspace       used 43450K, capacity 45238K, committed 45480K, reserved 1089536K
  class space    used 5869K, capacity 6237K, committed 6320K, reserved 1048576K
Event: 11.752 GC heap after
Heap after GC invocations=13 (full 2):
 PSYoungGen      total 199168K, used 12734K [0x00000000d5580000, 0x00000000e6700000, 0x0000000100000000)
  eden space 185856K, 0% used [0x00000000d5580000,0x00000000d5580000,0x00000000e0b00000)
  from space 13312K, 95% used [0x00000000e0b00000,0x00000000e176fbf0,0x00000000e1800000)
  to   space 14848K, 0% used [0x00000000e5880000,0x00000000e5880000,0x00000000e6700000)
 ParOldGen       total 49664K, used 15356K [0x0000000080000000, 0x0000000083080000, 0x00000000d5580000)
  object space 49664K, 30% used [0x0000000080000000,0x0000000080eff010,0x0000000083080000)
 Metaspace       used 43450K, capacity 45238K, committed 45480K, reserved 1089536K
  class space    used 5869K, capacity 6237K, committed 6320K, reserved 1048576K
}
Event: 15.345 GC heap before
{Heap before GC invocations=14 (full 2):
 PSYoungGen      total 199168K, used 177359K [0x00000000d5580000, 0x00000000e6700000, 0x0000000100000000)
  eden space 185856K, 88% used [0x00000000d5580000,0x00000000df644018,0x00000000e0b00000)
  from space 13312K, 95% used [0x00000000e0b00000,0x00000000e176fbf0,0x00000000e1800000)
  to   space 14848K, 0% used [0x00000000e5880000,0x00000000e5880000,0x00000000e6700000)
 ParOldGen       total 49664K, used 15356K [0x0000000080000000, 0x0000000083080000, 0x00000000d5580000)
  object space 49664K, 30% used [0x0000000080000000,0x0000000080eff010,0x0000000083080000)
 Metaspace       used 56844K, capacity 59042K, committed 59160K, reserved 1099776K
  class space    used 7695K, capacity 8144K, committed 8224K, reserved 1048576K

